error: E11000 duplicate key error collection: test.users index: nic_1 dup key: { nic: "123467890" }
error: Student validation failed: name: Path `name` is required., username: Path `username` is required., nic: Path `nic` is required.
error: Student validation failed: name: Path `name` is required., username: Path `username` is required., nic: Path `nic` is required.
error: User not found
error: E11000 duplicate key error collection: test.users index: nic_1 dup key: { nic: "200100303000" }
error: Admin validation failed: aId: Path `aId` is required.
error: E11000 duplicate key error collection: test.students index: nic_1 dup key: { nic: "2001003033000" }
error: E11000 duplicate key error collection: test.students index: username_1 dup key: { username: "russ1ell" }
error: First argument to `Model` constructor must be an object, **not** a string. Make sure you're calling `mongoose.model()`, not `mongoose.Model()`.
error: E11000 duplicate key error collection: test.students index: nic_1 dup key: { nic: "200003033000" }
error: E11000 duplicate key error collection: test.students index: nic_1 dup key: { nic: "200003033000" }
error: User validation failed: password: Path `password` is required.
error: E11000 duplicate key error collection: test.students index: nic_1 dup key: { nic: "2003033000" }
error: E11000 duplicate key error collection: test.students index: username_1 dup key: { username: "russll" }
error: Student with sId: sid1 already exists
error: Faculty with fId: IT already exists
error: User not found
error: E11000 duplicate key error collection: test.courses index: courseCode_1 dup key: { courseCode: "CS101" }
error: Course with code: CS101 already exists
error: Course validation failed: faculty: Cast to ObjectId failed for value "IT" (type string) at path "faculty" because of "BSONError"
error: Student validation failed: enrolledCourses.0: Cast to [ObjectId] failed for value "[ 'Mathematics', 'Physics' ]" (type string) at path "enrolledCourses.0" because of "CastError"
error: Student validation failed: enrolledCourses.0: Cast to [ObjectId] failed for value "[ 'Mathematics', 'Physics' ]" (type string) at path "enrolledCourses.0" because of "CastError" {"timestamp":"2024-03-18T09:55:53.501Z"}
error: [object Object] is not a function {"timestamp":"2024-03-18T10:33:26.967Z"}
error: Course with code: COMP101 not found {"timestamp":"2024-03-18T19:05:15.071Z"}
error: Course with code: COMP101 not found {"timestamp":"2024-03-18T19:06:35.666Z"}
error: TimeTable validation failed: sessions.0: Cast to [ObjectId] failed for value "[\n' +
  '  {\n' +
  "    startTime: '09:00',\n" +
  "    endTime: '11:00',\n" +
  "    day: 'Monday',\n" +
  "    room: '60f2c8deebc9a148eb01fc3a',\n" +
  "    lecturer: 'John Doe'\n" +
  '  },\n' +
  '  {\n' +
  "    startTime: '13:30',\n" +
  "    endTime: '15:30',\n" +
  "    day: 'Wednesday',\n" +
  "    room: '60f2c8deebc9a148eb01fc3b',\n" +
  "    lecturer: 'Jane Smith'\n" +
  '  }\n' +
  ']" (type string) at path "sessions.0" because of "CastError" {"timestamp":"2024-03-18T19:06:58.960Z"}
error: Course with code: COMP101 not found {"timestamp":"2024-03-18T19:08:07.415Z"}
error: Course with code: undefined not found {"timestamp":"2024-03-18T19:16:06.965Z"}
error: Course with code: undefined not found {"timestamp":"2024-03-18T19:16:36.151Z"}
error: Course with code: COMP101 not found {"timestamp":"2024-03-18T19:17:16.367Z"}
error: Course with code: COMP101 not found {"timestamp":"2024-03-18T19:25:06.112Z"}
error: TimeTable validation failed: courseCode: Path `courseCode` is required. {"timestamp":"2024-03-19T12:15:08.227Z"}
error: Timetable for course: CS1 already exists {"timestamp":"2024-03-19T12:16:47.743Z"}
error: Timetable for course: CS1 already exists {"timestamp":"2024-03-19T12:28:43.125Z"}
error: TimeTable validation failed: sessions.0: Cast to [ObjectId] failed for value "[\n' +
  '  {\n' +
  "    startTime: '09:00',\n" +
  "    endTime: '11:00',\n" +
  "    day: 'Monday',\n" +
  "    room: '60f2c8deebc9a148eb01fc3a',\n" +
  "    lecturer: 'John Doe'\n" +
  '  },\n' +
  '  {\n' +
  "    startTime: '13:30',\n" +
  "    endTime: '15:30',\n" +
  "    day: 'Wednesday',\n" +
  "    room: '60f2c8deebc9a148eb01fc3b',\n" +
  "    lecturer: 'Jane Smith'\n" +
  '  }\n' +
  ']" (type string) at path "sessions.0" because of "CastError" {"timestamp":"2024-03-19T12:28:57.546Z"}
error: TimeTable validation failed: sessions.0: Cast to [ObjectId] failed for value "[\n' +
  '  {\n' +
  "    startTime: '09:00',\n" +
  "    endTime: '11:00',\n" +
  "    day: 'Monday',\n" +
  "    lecturer: 'John Doe'\n" +
  '  },\n' +
  '  {\n' +
  "    startTime: '13:30',\n" +
  "    endTime: '15:30',\n" +
  "    day: 'Wednesday',\n" +
  "    lecturer: 'Jane Smith'\n" +
  '  }\n' +
  ']" (type string) at path "sessions.0" because of "CastError" {"timestamp":"2024-03-19T12:29:32.855Z"}
error: TimeTable validation failed: sessions.0: Cast to [ObjectId] failed for value "[\n' +
  '  {\n' +
  "    startTime: '09:00',\n" +
  "    endTime: '11:00',\n" +
  "    day: 'Monday',\n" +
  "    lecturer: 'John Doe'\n" +
  '  },\n' +
  '  {\n' +
  "    startTime: '13:30',\n" +
  "    endTime: '15:30',\n" +
  "    day: 'Wednesday',\n" +
  "    lecturer: 'Jane Smith'\n" +
  '  }\n' +
  ']" (type string) at path "sessions.0" because of "CastError" {"timestamp":"2024-03-19T12:30:14.569Z"}
error: First argument to `Model` constructor must be an object, **not** a string. Make sure you're calling `mongoose.model()`, not `mongoose.Model()`. {"timestamp":"2024-03-19T12:54:27.595Z"}
error: First argument to `Model` constructor must be an object, **not** a string. Make sure you're calling `mongoose.model()`, not `mongoose.Model()`. {"timestamp":"2024-03-19T12:56:29.140Z"}
error: First argument to `Model` constructor must be an object, **not** a string. Make sure you're calling `mongoose.model()`, not `mongoose.Model()`. {"timestamp":"2024-03-19T12:56:31.615Z"}
error: First argument to `Model` constructor must be an object, **not** a string. Make sure you're calling `mongoose.model()`, not `mongoose.Model()`. {"timestamp":"2024-03-19T12:56:34.133Z"}
error: First argument to `Model` constructor must be an object, **not** a string. Make sure you're calling `mongoose.model()`, not `mongoose.Model()`. {"timestamp":"2024-03-19T12:57:31.636Z"}
error: First argument to `Model` constructor must be an object, **not** a string. Make sure you're calling `mongoose.model()`, not `mongoose.Model()`. {"timestamp":"2024-03-19T12:57:56.420Z"}
error: Timetable conflict: There is already a session scheduled at this time {"timestamp":"2024-03-19T13:32:40.630Z"}
error: Timetable for course: CS1 already exists {"timestamp":"2024-03-19T13:33:55.276Z"}
error: Timetable conflict: There is already a session scheduled at this time {"timestamp":"2024-03-19T15:17:22.186Z"}
error: Cannot read properties of undefined (reading '_id') {"timestamp":"2024-03-19T15:19:12.348Z"}
error: Timetable conflict: There is already a session scheduled at this time {"timestamp":"2024-03-19T15:22:24.688Z"}
error: Timetable conflict: There is already a session scheduled at this time {"timestamp":"2024-03-19T15:25:24.941Z"}
error: Timetable conflict: There is already a session scheduled at this time {"timestamp":"2024-03-19T15:27:10.209Z"}
error: Timetable conflict: There is already a session scheduled at this time {"timestamp":"2024-03-19T15:28:33.163Z"}
error: Cannot read properties of undefined (reading 'day') {"timestamp":"2024-03-19T15:30:01.987Z"}
error: Cannot read properties of undefined (reading 'day') {"timestamp":"2024-03-19T15:30:54.268Z"}
error: Cannot read properties of undefined (reading 'day') {"timestamp":"2024-03-19T15:31:20.384Z"}
error: Cannot read properties of undefined (reading 'day') {"timestamp":"2024-03-19T15:31:52.467Z"}
error: Cannot read properties of undefined (reading 'day') {"timestamp":"2024-03-19T15:32:44.051Z"}
error: Cannot read properties of undefined (reading 'day') {"timestamp":"2024-03-19T15:33:06.360Z"}
error: Invalid update pipeline operator: "startTime" {"timestamp":"2024-03-19T15:33:18.958Z"}
error: Invalid update pipeline operator: "lecturer" {"timestamp":"2024-03-19T15:37:30.566Z"}
error: TimeTableSession validation failed: day: Path `day` is required., endTime: Path `endTime` is required., startTime: Path `startTime` is required. {"timestamp":"2024-03-19T15:38:22.487Z"}
error: Timetable for course: 65f99f9ce53f4a8dbe004dbc not found {"timestamp":"2024-03-19T16:48:47.488Z"}
error: Course with code: COMP101 not found {"timestamp":"2024-03-19T18:10:30.221Z"}
error: Timetable for course: CS1 already exists {"timestamp":"2024-03-19T18:10:44.153Z"}
error: User not found {"timestamp":"2024-03-19T19:24:30.177Z"}
error: Resource validation failed: isAvailable: Path `isAvailable` is required., name: Path `name` is required., rId: Path `rId` is required. {"timestamp":"2024-03-19T19:25:12.475Z"}
error: ClassRoom validation failed: roomId: Path `roomId` is required. {"timestamp":"2024-03-20T03:57:28.294Z"}
error: User not found {"timestamp":"2024-03-20T05:41:22.338Z"}
error: User not found {"timestamp":"2024-03-20T05:41:51.356Z"}
error: E11000 duplicate key error collection: test.admins index: username_1 dup key: { username: "admin" } {"timestamp":"2024-03-20T05:43:44.869Z"}
error: Timetable conflict: There is already a session scheduled at this time {"timestamp":"2024-03-20T06:06:54.249Z"}
error: Course with code: CS1 already exists {"timestamp":"2024-03-20T06:34:09.080Z"}
error: Course with code: CS1 not found {"timestamp":"2024-03-20T07:25:42.286Z"}
error: Timetable conflict: There is already a session scheduled at this time {"timestamp":"2024-03-20T07:25:51.089Z"}
error: Timetable conflict: There is already a session scheduled at this time {"timestamp":"2024-03-20T07:35:21.886Z"}
error: Room with roomId: 60f2c8deebc9a148eb01fc3b not found {"timestamp":"2024-03-20T07:35:57.919Z"}
error: Room with roomId: 60f2c8deebc9a148eb01fc3b not found {"timestamp":"2024-03-20T07:37:24.145Z"}
error: Room with roomId: 60f2c8deebc9a148eb01fc3b not found {"timestamp":"2024-03-20T07:39:44.741Z"}
error: TimeTableSession validation failed: room: Cast to ObjectId failed for value "A401" (type string) at path "room" because of "BSONError" {"timestamp":"2024-03-20T07:50:06.977Z"}
error: Room with roomId: 65fa902a318e515e58e2b2f9 not found {"timestamp":"2024-03-20T07:50:34.154Z"}
error: Timetable for course: CS1 not found {"timestamp":"2024-03-20T07:59:43.570Z"}
error: Cannot set headers after they are sent to the client {"timestamp":"2024-03-20T08:55:09.480Z"}
error: Faculty with fId: IT not found {"timestamp":"2024-03-20T08:57:26.147Z"}
error: Course validation failed: timeTable: Path `timeTable` is required. {"timestamp":"2024-03-20T08:58:29.881Z"}
error: Timetable for course: CS2 not found {"timestamp":"2024-03-20T09:08:44.597Z"}
error: Timetable conflict: There is already a session scheduled at this time {"timestamp":"2024-03-20T09:08:51.771Z"}
error: Timetable conflict: There is already a session scheduled at this time {"timestamp":"2024-03-20T10:21:21.548Z"}
error: Timetable for course: SEQPM not found {"timestamp":"2024-03-20T10:22:17.675Z"}
error: Timetable conflict: There is already a session scheduled at this time {"timestamp":"2024-03-20T10:22:34.614Z"}
error: Timetable conflict: There is already a session scheduled at this time {"timestamp":"2024-03-20T10:24:13.085Z"}
error: Timetable conflict: There is already a session scheduled at this time {"timestamp":"2024-03-20T10:27:12.747Z"}
error: Student validation failed: faculty: Cast to ObjectId failed for value "Computing" (type string) at path "faculty" because of "BSONError" {"timestamp":"2024-03-20T18:49:24.097Z"}
error: Student validation failed: faculty: Cast to ObjectId failed for value "Computing" (type string) at path "faculty" because of "BSONError" {"timestamp":"2024-03-20T18:50:53.546Z"}
error: Room with roomId: 65fabae5844b0c20bfa5044e not found {"timestamp":"2024-03-20T19:00:21.521Z"}
error: Timetable conflict: There is already a session scheduled at this time {"timestamp":"2024-03-20T19:02:02.142Z"}
error: Timetable conflict: There is already a session scheduled at this time {"timestamp":"2024-03-20T19:04:16.822Z"}
error: Course with code: CS10 not found {"timestamp":"2024-03-24T04:50:47.161Z"}
error: Course with code: AF already exists {"timestamp":"2024-03-24T04:50:47.978Z"}
error: Course with code: CS1 not found {"timestamp":"2024-03-24T04:50:49.412Z"}
error: Timetable for course: 65f99f9ce53f4a8dbe004dbc not found {"timestamp":"2024-03-24T04:51:00.077Z"}
error: Course with code: CS1 not found {"timestamp":"2024-03-24T04:51:01.804Z"}
error: Timetable for course: CS1 not found {"timestamp":"2024-03-24T04:51:02.316Z"}
error: Course with code: CS10 not found {"timestamp":"2024-03-24T04:54:04.556Z"}
error: Course with code: AF already exists {"timestamp":"2024-03-24T04:54:05.413Z"}
error: Course with code: CS1 not found {"timestamp":"2024-03-24T04:54:06.744Z"}
error: Timetable for course: 65f99f9ce53f4a8dbe004dbc not found {"timestamp":"2024-03-24T04:54:16.163Z"}
error: Timetable conflict: There is already a session scheduled at this time {"timestamp":"2024-03-24T04:54:17.010Z"}
error: Course with code: CS1 not found {"timestamp":"2024-03-24T04:54:17.495Z"}
error: Timetable for course: CS1 not found {"timestamp":"2024-03-24T04:54:17.923Z"}
